<?xml version="1.0" encoding="UTF-8"?>
<!-- Generated by org.testng.reporters.JUnitReportReporter -->
<testsuite ignored="0" hostname="DESKTOP-FQ51T68" failures="0" tests="3" name="com.crm.qa.testcases.HomePageTest" time="37.265" errors="0" timestamp="09 Apr 2026 16:18:53 GMT" skipped="0">
  <testcase classname="com.crm.qa.testcases.HomePageTest" name="verifyUserNameTest" time="15.348"/>
  <testcase classname="com.crm.qa.testcases.HomePageTest" name="verifyContactsLinkTest" time="11.849"/>
  <testcase classname="com.crm.qa.testcases.HomePageTest" name="verifyHomePageTitleTest" time="10.068"/>
</testsuite> <!-- com.crm.qa.testcases.HomePageTest -->
