<?xml version="1.0" encoding="UTF-8"?>
<!-- Generated by org.testng.reporters.JUnitReportReporter -->
<testsuite ignored="0" hostname="DESKTOP-FQ51T68" failures="0" tests="3" name="com.crm.qa.testcases.LoginPageTest" time="24.211" errors="0" timestamp="09 Apr 2026 10:59:34 GMT" skipped="0">
  <testcase classname="com.crm.qa.testcases.LoginPageTest" name="crmLogoImageTest" time="8.386"/>
  <testcase classname="com.crm.qa.testcases.LoginPageTest" name="loginPageTitleTest" time="5.149"/>
  <testcase classname="com.crm.qa.testcases.LoginPageTest" name="loginTest" time="10.676"/>
</testsuite> <!-- com.crm.qa.testcases.LoginPageTest -->
