<?xml version="1.0" encoding="UTF-8"?>
<testng-results ignored="0" total="1" passed="1" failed="0" skipped="0">
  <reporter-output>
  </reporter-output>
  <suite started-at="2026-05-30T20:15:32 IST" name="Default suite" finished-at="2026-05-30T20:15:37 IST" duration-ms="5110">
    <groups>
    </groups>
    <test started-at="2026-05-30T20:15:32 IST" name="Default test" finished-at="2026-05-30T20:15:37 IST" duration-ms="5110">
      <class name="listofapi.CreateUser">
        <test-method signature="createUsers()[pri:0, instance:listofapi.CreateUser@34a3d150]" started-at="2026-05-30T20:15:32 IST" name="createUsers" finished-at="2026-05-30T20:15:37 IST" duration-ms="5031" status="PASS">
          <reporter-output>
          </reporter-output>
        </test-method> <!-- createUsers -->
      </class> <!-- listofapi.CreateUser -->
    </test> <!-- Default test -->
  </suite> <!-- Default suite -->
</testng-results>
