<?xml version="1.0" encoding="UTF-8"?>
<testng-results ignored="0" total="3" passed="3" failed="0" skipped="0">
  <reporter-output>
  </reporter-output>
  <suite started-at="2026-04-09T16:18:16Z" name="Default suite" finished-at="2026-04-09T16:18:53Z" duration-ms="37304">
    <groups>
    </groups>
    <test started-at="2026-04-09T16:18:16Z" name="Default test" finished-at="2026-04-09T16:18:53Z" duration-ms="37304">
      <class name="com.crm.qa.testcases.HomePageTest">
        <test-method is-config="true" signature="setUp()[pri:0, instance:com.crm.qa.testcases.HomePageTest@3f4faf53]" started-at="2026-04-09T21:48:16Z" name="setUp" finished-at="2026-04-09T21:48:29Z" duration-ms="13135" status="PASS">
          <reporter-output>
          </reporter-output>
        </test-method> <!-- setUp -->
        <test-method signature="verifyContactsLinkTest()[pri:0, instance:com.crm.qa.testcases.HomePageTest@3f4faf53]" started-at="2026-04-09T21:48:29Z" name="verifyContactsLinkTest" finished-at="2026-04-09T21:48:31Z" duration-ms="1903" status="PASS">
          <reporter-output>
          </reporter-output>
        </test-method> <!-- verifyContactsLinkTest -->
        <test-method is-config="true" signature="tearDown()[pri:0, instance:com.crm.qa.testcases.HomePageTest@3f4faf53]" started-at="2026-04-09T21:48:31Z" name="tearDown" finished-at="2026-04-09T21:48:31Z" duration-ms="522" status="PASS">
          <reporter-output>
          </reporter-output>
        </test-method> <!-- tearDown -->
        <test-method is-config="true" signature="setUp()[pri:0, instance:com.crm.qa.testcases.HomePageTest@3f4faf53]" started-at="2026-04-09T21:48:31Z" name="setUp" finished-at="2026-04-09T21:48:41Z" duration-ms="9722" status="PASS">
          <reporter-output>
          </reporter-output>
        </test-method> <!-- setUp -->
        <test-method signature="verifyHomePageTitleTest()[pri:0, instance:com.crm.qa.testcases.HomePageTest@3f4faf53]" started-at="2026-04-09T21:48:41Z" name="verifyHomePageTitleTest" finished-at="2026-04-09T21:48:41Z" duration-ms="13" status="PASS">
          <reporter-output>
          </reporter-output>
        </test-method> <!-- verifyHomePageTitleTest -->
        <test-method is-config="true" signature="tearDown()[pri:0, instance:com.crm.qa.testcases.HomePageTest@3f4faf53]" started-at="2026-04-09T21:48:41Z" name="tearDown" finished-at="2026-04-09T21:48:41Z" duration-ms="333" status="PASS">
          <reporter-output>
          </reporter-output>
        </test-method> <!-- tearDown -->
        <test-method is-config="true" signature="setUp()[pri:0, instance:com.crm.qa.testcases.HomePageTest@3f4faf53]" started-at="2026-04-09T21:48:41Z" name="setUp" finished-at="2026-04-09T21:48:51Z" duration-ms="9516" status="PASS">
          <reporter-output>
          </reporter-output>
        </test-method> <!-- setUp -->
        <test-method signature="verifyUserNameTest()[pri:0, instance:com.crm.qa.testcases.HomePageTest@3f4faf53]" started-at="2026-04-09T21:48:51Z" name="verifyUserNameTest" finished-at="2026-04-09T21:48:53Z" duration-ms="1691" status="PASS">
          <reporter-output>
          </reporter-output>
        </test-method> <!-- verifyUserNameTest -->
        <test-method is-config="true" signature="tearDown()[pri:0, instance:com.crm.qa.testcases.HomePageTest@3f4faf53]" started-at="2026-04-09T21:48:53Z" name="tearDown" finished-at="2026-04-09T21:48:53Z" duration-ms="430" status="PASS">
          <reporter-output>
          </reporter-output>
        </test-method> <!-- tearDown -->
      </class> <!-- com.crm.qa.testcases.HomePageTest -->
    </test> <!-- Default test -->
  </suite> <!-- Default suite -->
</testng-results>
